2020-11-01 17:18:00,942 INFO o.a.j.u.JMeterUtils: Setting Locale to en_EN
2020-11-01 17:18:00,960 INFO o.a.j.JMeter: Loading user properties from: C:\Users\USUARIO\Documents\JMeter\apache-jmeter-5.3\bin\user.properties
2020-11-01 17:18:00,961 INFO o.a.j.JMeter: Loading system properties from: C:\Users\USUARIO\Documents\JMeter\apache-jmeter-5.3\bin\system.properties
2020-11-01 17:18:00,963 INFO o.a.j.JMeter: Copyright (c) 1998-2020 The Apache Software Foundation
2020-11-01 17:18:00,963 INFO o.a.j.JMeter: Version 5.3
2020-11-01 17:18:00,963 INFO o.a.j.JMeter: java.version=1.8.0_251
2020-11-01 17:18:00,963 INFO o.a.j.JMeter: java.vm.name=Java HotSpot(TM) 64-Bit Server VM
2020-11-01 17:18:00,963 INFO o.a.j.JMeter: os.name=Windows 10
2020-11-01 17:18:00,964 INFO o.a.j.JMeter: os.arch=amd64
2020-11-01 17:18:00,964 INFO o.a.j.JMeter: os.version=10.0
2020-11-01 17:18:00,964 INFO o.a.j.JMeter: file.encoding=Cp1252
2020-11-01 17:18:00,964 INFO o.a.j.JMeter: java.awt.headless=true
2020-11-01 17:18:00,964 INFO o.a.j.JMeter: Max memory     =1073741824
2020-11-01 17:18:00,964 INFO o.a.j.JMeter: Available Processors =4
2020-11-01 17:18:00,970 INFO o.a.j.JMeter: Default Locale=English (EN)
2020-11-01 17:18:00,970 INFO o.a.j.JMeter: JMeter  Locale=English (EN)
2020-11-01 17:18:00,971 INFO o.a.j.JMeter: JMeterHome=C:\Users\USUARIO\Documents\JMeter\apache-jmeter-5.3
2020-11-01 17:18:00,971 INFO o.a.j.JMeter: user.dir  =C:\Users\USUARIO\Documents\ProyectoFinal3
2020-11-01 17:18:00,971 INFO o.a.j.JMeter: PWD       =C:\Users\USUARIO\Documents\ProyectoFinal3
2020-11-01 17:18:00,985 INFO o.a.j.JMeter: IP: 192.168.0.9 Name: DESKTOP-I69N085 FullName: host.docker.internal
2020-11-01 17:18:00,988 ERROR o.a.j.JMeter: An error occurred: 
org.apache.jmeter.report.config.ConfigurationException: The file C:\Users\USUARIO\Documents\ProyectoFinal3\examen_test_plan.jmx doesn't exist or can't be opened
	at org.apache.jmeter.JMeter.runNonGui(JMeter.java:1003) ~[ApacheJMeter_core.jar:5.3]
	at org.apache.jmeter.JMeter.startNonGui(JMeter.java:994) ~[ApacheJMeter_core.jar:5.3]
	at org.apache.jmeter.JMeter.start(JMeter.java:566) [ApacheJMeter_core.jar:5.3]
	at sun.reflect.NativeMethodAccessorImpl.invoke0(Native Method) ~[?:1.8.0_251]
	at sun.reflect.NativeMethodAccessorImpl.invoke(Unknown Source) ~[?:1.8.0_251]
	at sun.reflect.DelegatingMethodAccessorImpl.invoke(Unknown Source) ~[?:1.8.0_251]
	at java.lang.reflect.Method.invoke(Unknown Source) ~[?:1.8.0_251]
	at org.apache.jmeter.NewDriver.main(NewDriver.java:252) [ApacheJMeter.jar:5.3]
