2020-11-03 20:27:48,844 INFO o.a.j.u.JMeterUtils: Setting Locale to en_EN
2020-11-03 20:27:48,866 INFO o.a.j.JMeter: Loading user properties from: C:\Users\USUARIO\Documents\JMeter\apache-jmeter-5.3\bin\user.properties
2020-11-03 20:27:48,867 INFO o.a.j.JMeter: Loading system properties from: C:\Users\USUARIO\Documents\JMeter\apache-jmeter-5.3\bin\system.properties
2020-11-03 20:27:48,869 INFO o.a.j.JMeter: Copyright (c) 1998-2020 The Apache Software Foundation
2020-11-03 20:27:48,870 INFO o.a.j.JMeter: Version 5.3
2020-11-03 20:27:48,870 INFO o.a.j.JMeter: java.version=1.8.0_251
2020-11-03 20:27:48,870 INFO o.a.j.JMeter: java.vm.name=Java HotSpot(TM) 64-Bit Server VM
2020-11-03 20:27:48,870 INFO o.a.j.JMeter: os.name=Windows 10
2020-11-03 20:27:48,870 INFO o.a.j.JMeter: os.arch=amd64
2020-11-03 20:27:48,870 INFO o.a.j.JMeter: os.version=10.0
2020-11-03 20:27:48,870 INFO o.a.j.JMeter: file.encoding=Cp1252
2020-11-03 20:27:48,870 INFO o.a.j.JMeter: java.awt.headless=true
2020-11-03 20:27:48,870 INFO o.a.j.JMeter: Max memory     =1073741824
2020-11-03 20:27:48,871 INFO o.a.j.JMeter: Available Processors =4
2020-11-03 20:27:48,878 INFO o.a.j.JMeter: Default Locale=English (EN)
2020-11-03 20:27:48,879 INFO o.a.j.JMeter: JMeter  Locale=English (EN)
2020-11-03 20:27:48,879 INFO o.a.j.JMeter: JMeterHome=C:\Users\USUARIO\Documents\JMeter\apache-jmeter-5.3
2020-11-03 20:27:48,879 INFO o.a.j.JMeter: user.dir  =C:\Users\USUARIO\Documents\ProyectoFinal3\load
2020-11-03 20:27:48,880 INFO o.a.j.JMeter: PWD       =C:\Users\USUARIO\Documents\ProyectoFinal3\load
2020-11-03 20:27:48,883 INFO o.a.j.JMeter: IP: 192.168.1.147 Name: DESKTOP-I69N085 FullName: host.docker.internal
2020-11-03 20:27:48,889 INFO o.a.j.s.FileServer: Default base='C:\Users\USUARIO\Documents\ProyectoFinal3\load'
2020-11-03 20:27:48,896 INFO o.a.j.s.FileServer: Set new base='C:\Users\USUARIO\Documents\ProyectoFinal3\load'
2020-11-03 20:27:49,079 INFO o.a.j.s.SaveService: Testplan (JMX) version: 2.2. Testlog (JTL) version: 2.2
2020-11-03 20:27:49,113 INFO o.a.j.s.SaveService: Using SaveService properties file encoding UTF-8
2020-11-03 20:27:49,119 INFO o.a.j.s.SaveService: Using SaveService properties version 5.0
2020-11-03 20:27:49,126 INFO o.a.j.s.SaveService: Loading file: examen_test_plan.jmx
2020-11-03 20:27:49,186 INFO o.a.j.p.h.s.HTTPSamplerBase: Parser for text/html is org.apache.jmeter.protocol.http.parser.LagartoBasedHtmlParser
2020-11-03 20:27:49,186 INFO o.a.j.p.h.s.HTTPSamplerBase: Parser for application/xhtml+xml is org.apache.jmeter.protocol.http.parser.LagartoBasedHtmlParser
2020-11-03 20:27:49,186 INFO o.a.j.p.h.s.HTTPSamplerBase: Parser for application/xml is org.apache.jmeter.protocol.http.parser.LagartoBasedHtmlParser
2020-11-03 20:27:49,187 INFO o.a.j.p.h.s.HTTPSamplerBase: Parser for text/xml is org.apache.jmeter.protocol.http.parser.LagartoBasedHtmlParser
2020-11-03 20:27:49,187 INFO o.a.j.p.h.s.HTTPSamplerBase: Parser for text/vnd.wap.wml is org.apache.jmeter.protocol.http.parser.RegexpHTMLParser
2020-11-03 20:27:49,187 INFO o.a.j.p.h.s.HTTPSamplerBase: Parser for text/css is org.apache.jmeter.protocol.http.parser.CssParser
2020-11-03 20:27:49,268 INFO o.a.j.JMeter: Creating summariser <summary>
2020-11-03 20:27:49,280 INFO o.a.j.e.StandardJMeterEngine: Running the test!
2020-11-03 20:27:49,280 INFO o.a.j.s.SampleEvent: List of sample_variables: []
2020-11-03 20:27:49,284 INFO o.a.j.s.SampleEvent: List of sample_variables: []
2020-11-03 20:27:49,293 INFO o.a.j.e.u.CompoundVariable: Note: Function class names must contain the string: '.functions.'
2020-11-03 20:27:49,293 INFO o.a.j.e.u.CompoundVariable: Note: Function class names must not contain the string: '.gui.'
2020-11-03 20:27:49,871 INFO o.a.j.JMeter: Running test (1604456869870)
2020-11-03 20:27:49,919 INFO o.a.j.e.StandardJMeterEngine: Starting ThreadGroup: 1 : Thread Group
2020-11-03 20:27:49,919 INFO o.a.j.e.StandardJMeterEngine: Starting 10 threads for group Thread Group.
2020-11-03 20:27:49,919 INFO o.a.j.e.StandardJMeterEngine: Thread will continue on error
2020-11-03 20:27:49,928 INFO o.a.j.t.ThreadGroup: Starting thread group... number=1 threads=10 ramp-up=15 delayedStart=false
2020-11-03 20:27:49,964 INFO o.a.j.t.ThreadGroup: Started thread group number 1
2020-11-03 20:27:49,964 INFO o.a.j.e.StandardJMeterEngine: All thread groups have been started
2020-11-03 20:27:49,970 INFO o.a.j.t.JMeterThread: Thread started: Thread Group 1-1
2020-11-03 20:27:50,008 INFO o.a.j.p.h.s.HTTPHCAbstractImpl: Local host = DESKTOP-I69N085
2020-11-03 20:27:50,022 INFO o.a.j.p.h.s.HTTPHC4Impl: HTTP request retry count = 0
2020-11-03 20:27:50,025 INFO o.a.j.s.SampleResult: Note: Sample TimeStamps are START times
2020-11-03 20:27:50,025 INFO o.a.j.s.SampleResult: sampleresult.default.encoding is set to ISO-8859-1
2020-11-03 20:27:50,025 INFO o.a.j.s.SampleResult: sampleresult.useNanoTime=true
2020-11-03 20:27:50,025 INFO o.a.j.s.SampleResult: sampleresult.nanoThreadSleep=5000
2020-11-03 20:27:50,491 INFO o.a.j.p.h.s.h.LazyLayeredConnectionSocketFactory: Setting up HTTPS TrustAll Socket Factory
2020-11-03 20:27:50,502 INFO o.a.j.u.JsseSSLManager: Using default SSL protocol: TLS
2020-11-03 20:27:50,502 INFO o.a.j.u.JsseSSLManager: SSL session context: per-thread
2020-11-03 20:27:51,459 INFO o.a.j.t.JMeterThread: Thread started: Thread Group 1-2
2020-11-03 20:27:52,110 INFO o.a.j.u.SSLManager: JmeterKeyStore Location:  type JKS
2020-11-03 20:27:52,113 INFO o.a.j.u.SSLManager: KeyStore created OK
2020-11-03 20:27:52,113 WARN o.a.j.u.SSLManager: Keystore file not found, loading empty keystore
2020-11-03 20:27:52,955 INFO o.a.j.t.JMeterThread: Thread started: Thread Group 1-3
2020-11-03 20:27:53,808 INFO o.a.j.t.JMeterThread: Thread is done: Thread Group 1-2
2020-11-03 20:27:53,808 INFO o.a.j.t.JMeterThread: Thread finished: Thread Group 1-2
2020-11-03 20:27:53,822 INFO o.a.j.t.JMeterThread: Thread is done: Thread Group 1-1
2020-11-03 20:27:53,822 INFO o.a.j.t.JMeterThread: Thread finished: Thread Group 1-1
2020-11-03 20:27:53,826 INFO o.a.j.t.JMeterThread: Thread is done: Thread Group 1-3
2020-11-03 20:27:53,826 INFO o.a.j.t.JMeterThread: Thread finished: Thread Group 1-3
2020-11-03 20:27:54,455 INFO o.a.j.t.JMeterThread: Thread started: Thread Group 1-4
2020-11-03 20:27:55,241 INFO o.a.j.t.JMeterThread: Thread is done: Thread Group 1-4
2020-11-03 20:27:55,241 INFO o.a.j.t.JMeterThread: Thread finished: Thread Group 1-4
2020-11-03 20:27:55,957 INFO o.a.j.t.JMeterThread: Thread started: Thread Group 1-5
2020-11-03 20:27:56,759 INFO o.a.j.t.JMeterThread: Thread is done: Thread Group 1-5
2020-11-03 20:27:56,759 INFO o.a.j.t.JMeterThread: Thread finished: Thread Group 1-5
2020-11-03 20:27:57,457 INFO o.a.j.t.JMeterThread: Thread started: Thread Group 1-6
2020-11-03 20:27:58,155 INFO o.a.j.t.JMeterThread: Thread is done: Thread Group 1-6
2020-11-03 20:27:58,155 INFO o.a.j.t.JMeterThread: Thread finished: Thread Group 1-6
2020-11-03 20:27:58,947 INFO o.a.j.t.JMeterThread: Thread started: Thread Group 1-7
2020-11-03 20:27:59,999 INFO o.a.j.t.JMeterThread: Thread is done: Thread Group 1-7
2020-11-03 20:27:59,999 INFO o.a.j.t.JMeterThread: Thread finished: Thread Group 1-7
2020-11-03 20:28:00,445 INFO o.a.j.t.JMeterThread: Thread started: Thread Group 1-8
2020-11-03 20:28:00,825 INFO o.a.j.r.Summariser: summary +     36 in 00:00:11 =    3.3/s Avg:   287 Min:     0 Max:  3190 Err:     7 (19.44%) Active: 1 Started: 8 Finished: 7
2020-11-03 20:28:01,150 INFO o.a.j.t.JMeterThread: Thread is done: Thread Group 1-8
2020-11-03 20:28:01,150 INFO o.a.j.t.JMeterThread: Thread finished: Thread Group 1-8
2020-11-03 20:28:01,943 INFO o.a.j.t.JMeterThread: Thread started: Thread Group 1-9
2020-11-03 20:28:02,789 INFO o.a.j.t.JMeterThread: Thread is done: Thread Group 1-9
2020-11-03 20:28:02,789 INFO o.a.j.t.JMeterThread: Thread finished: Thread Group 1-9
2020-11-03 20:28:03,445 INFO o.a.j.t.JMeterThread: Thread started: Thread Group 1-10
2020-11-03 20:28:04,880 INFO o.a.j.t.JMeterThread: Thread is done: Thread Group 1-10
2020-11-03 20:28:04,881 INFO o.a.j.t.JMeterThread: Thread finished: Thread Group 1-10
2020-11-03 20:28:04,881 INFO o.a.j.e.StandardJMeterEngine: Notifying test listeners of end of test
2020-11-03 20:28:04,882 INFO o.a.j.r.Summariser: summary +     14 in 00:00:04 =    3.4/s Avg:   185 Min:     0 Max:  1069 Err:     3 (21.43%) Active: 0 Started: 10 Finished: 10
2020-11-03 20:28:04,883 INFO o.a.j.r.Summariser: summary =     50 in 00:00:15 =    3.3/s Avg:   258 Min:     0 Max:  3190 Err:    10 (20.00%)
